{
  "RSpec": {
    "coverage": {
      "/Users/ginnythomas/Documents/Projects/Makers-Bootcamp/Week10/BankTechTest/spec/account_spec.rb": {
        "lines": [
          null,
          null,
          1,
          1,
          1,
          null,
          1,
          4,
          2,
          2,
          2,
          2,
          null,
          1,
          1,
          1,
          1,
          1,
          null,
          null,
          1,
          1,
          1,
          1,
          1,
          null,
          null,
          1,
          1,
          2,
          null,
          null
        ]
      },
      "/Users/ginnythomas/Documents/Projects/Makers-Bootcamp/Week10/BankTechTest/lib/account.rb": {
        "lines": [
          null,
          null,
          1,
          1,
          null,
          null,
          1,
          1,
          null,
          1,
          3,
          null,
          null,
          1,
          3,
          null,
          null,
          1,
          2,
          null,
          null,
          1,
          1,
          1,
          null,
          null
        ]
      },
      "/Users/ginnythomas/Documents/Projects/Makers-Bootcamp/Week10/BankTechTest/lib/transaction.rb": {
        "lines": [
          null,
          null,
          1,
          null,
          null,
          1,
          1,
          null,
          1,
          9,
          9,
          9,
          null,
          null,
          1,
          6,
          null,
          null
        ]
      },
      "/Users/ginnythomas/Documents/Projects/Makers-Bootcamp/Week10/BankTechTest/lib/statement.rb": {
        "lines": [
          null,
          null,
          1,
          null,
          1,
          1,
          2,
          2,
          2,
          8,
          2,
          6,
          null,
          2,
          null,
          null,
          1,
          null,
          null,
          1,
          4,
          null,
          null,
          null,
          1,
          2,
          null,
          null,
          null,
          1,
          2,
          null,
          null,
          1,
          2,
          6,
          8,
          null,
          null
        ]
      },
      "/Users/ginnythomas/Documents/Projects/Makers-Bootcamp/Week10/BankTechTest/spec/account_transactions_spec_helper.rb": {
        "lines": [
          null,
          null,
          1,
          1,
          1,
          1,
          null
        ]
      },
      "/Users/ginnythomas/Documents/Projects/Makers-Bootcamp/Week10/BankTechTest/spec/statement_spec.rb": {
        "lines": [
          null,
          null,
          1,
          1,
          1,
          null,
          1,
          2,
          2,
          2,
          2,
          2,
          2,
          1,
          1,
          null,
          null
        ]
      },
      "/Users/ginnythomas/Documents/Projects/Makers-Bootcamp/Week10/BankTechTest/spec/test_helper.rb": {
        "lines": [
          null,
          null,
          1,
          1,
          1,
          1,
          null
        ]
      },
      "/Users/ginnythomas/Documents/Projects/Makers-Bootcamp/Week10/BankTechTest/spec/transactions_spec.rb": {
        "lines": [
          null,
          null,
          1,
          null,
          1,
          1,
          1,
          1,
          1,
          null,
          null
        ]
      }
    },
    "timestamp": 1641515596
  }
}
